2019-07-09 12:50:08 INFO  DataReader:23 - Reading from file
2019-07-09 12:53:33 INFO  DataReader:23 - Reading from file
2019-07-09 12:53:55 INFO  DataReader:23 - Reading from file
2019-07-09 12:53:55 ERROR DataReader:34 - Exception at work with file
2019-07-09 12:54:29 INFO  DataReader:23 - Reading from file
2019-07-09 12:54:29 INFO  DataReader:23 - Reading from file
2019-07-09 12:54:29 ERROR DataReader:34 - Exception at work with file
2019-07-09 12:58:36 INFO  DataReader:23 - Reading from file
2019-07-09 14:04:47 INFO  DataReader:23 - Reading from file
2019-07-09 14:04:47 INFO  DataReader:23 - Reading from file
2019-07-09 14:04:47 ERROR DataReader:34 - Exception at work with file
2019-07-09 14:08:01 INFO  Validator:14 - Check string for compliance
2019-07-09 14:08:01 INFO  Validator:14 - Check string for compliance
2019-07-09 14:08:01 INFO  Validator:14 - Check string for compliance
2019-07-09 14:08:01 INFO  Validator:14 - Check string for compliance
2019-07-09 14:08:01 INFO  Validator:14 - Check string for compliance
2019-07-11 13:07:23 INFO  DataReader:24 - Reading from file
2019-07-11 13:07:56 INFO  DataReader:24 - Reading from file
2019-07-11 13:08:06 ERROR DataReader:21 - Exception, the path to file is null
2019-07-11 15:55:45 INFO  DataReader:24 - Reading from file
2019-07-11 16:00:37 INFO  DataReader:24 - Reading from file
2019-07-11 16:04:03 INFO  DataReader:24 - Reading from file
2019-07-11 16:04:03 INFO  DataReader:24 - Reading from file
2019-07-11 16:04:03 ERROR DataReader:21 - Exception, the path to file is null
2019-07-11 16:07:40 INFO  DataReader:24 - Reading from file
2019-07-11 16:07:40 INFO  DataReader:24 - Reading from file
2019-07-11 16:07:40 ERROR DataReader:21 - Exception, the path to file is null
2019-07-11 16:07:57 INFO  DataReader:24 - Reading from file
2019-07-11 16:07:57 INFO  DataReader:24 - Reading from file
2019-07-11 16:07:57 ERROR DataReader:21 - Exception, the path to file is null
2019-07-11 16:08:05 INFO  DataReader:24 - Reading from file
2019-07-11 16:08:05 INFO  DataReader:24 - Reading from file
2019-07-11 16:08:05 ERROR DataReader:21 - Exception, the path to file is null
2019-07-11 16:08:41 INFO  DataReader:24 - Reading from file
2019-07-11 16:08:41 INFO  DataReader:24 - Reading from file
2019-07-11 16:08:41 ERROR DataReader:21 - Exception, the path to file is null
2019-07-11 16:08:41 INFO  DataReader:24 - Reading from file
2019-07-11 16:08:41 INFO  DataReader:24 - Reading from file
2019-07-11 16:08:41 ERROR DataReader:21 - Exception, the path to file is null
2019-07-11 16:09:11 INFO  DateValidator:14 - Check string for compliance
2019-07-11 16:09:11 INFO  DateValidator:14 - Check string for compliance
2019-07-11 16:09:11 INFO  DateValidator:14 - Check string for compliance
2019-07-11 16:09:11 INFO  DateValidator:14 - Check string for compliance
2019-07-11 16:09:11 INFO  DateValidator:14 - Check string for compliance
2019-07-11 16:09:34 INFO  DateValidator:14 - Check string for compliance
2019-07-11 16:09:34 INFO  DateValidator:14 - Check string for compliance
2019-07-11 16:09:34 INFO  DateValidator:14 - Check string for compliance
2019-07-11 16:09:34 INFO  DateValidator:14 - Check string for compliance
2019-07-11 16:09:34 INFO  DateValidator:14 - Check string for compliance
2019-07-11 16:40:11 INFO  DateValidator:14 - Check string for compliance
2019-07-11 16:40:11 INFO  DateValidator:14 - Check string for compliance
2019-07-11 16:40:11 INFO  DateValidator:14 - Check string for compliance
2019-07-11 16:40:11 INFO  DateValidator:14 - Check string for compliance
2019-07-11 16:40:11 INFO  DateValidator:14 - Check string for compliance
2019-07-11 16:42:12 INFO  DateValidator:14 - Check string for compliance
2019-07-11 16:42:17 INFO  DateValidator:14 - Check string for compliance
2019-07-11 16:42:17 INFO  DateValidator:14 - Check string for compliance
2019-07-11 16:42:17 INFO  DateValidator:14 - Check string for compliance
2019-07-11 16:42:17 INFO  DateValidator:14 - Check string for compliance
2019-07-11 16:42:17 INFO  DateValidator:14 - Check string for compliance
2019-07-11 16:42:26 INFO  DateValidator:14 - Check string for compliance
2019-07-11 16:42:26 INFO  DateValidator:14 - Check string for compliance
2019-07-11 16:42:26 INFO  DateValidator:14 - Check string for compliance
2019-07-11 16:42:26 INFO  DateValidator:14 - Check string for compliance
2019-07-11 16:42:26 INFO  DateValidator:14 - Check string for compliance
2019-07-11 16:43:27 INFO  DateValidator:14 - Check string for compliance
2019-07-11 16:43:27 INFO  DateValidator:14 - Check string for compliance
2019-07-11 16:43:27 INFO  DateValidator:14 - Check string for compliance
2019-07-11 16:43:27 INFO  DateValidator:14 - Check string for compliance
2019-07-11 16:43:27 INFO  DateValidator:14 - Check string for compliance
2019-07-11 16:44:13 INFO  DateValidator:14 - Check string for compliance
2019-07-11 16:44:13 INFO  DateValidator:14 - Check string for compliance
2019-07-11 16:44:13 INFO  DateValidator:14 - Check string for compliance
2019-07-11 16:44:13 INFO  DateValidator:14 - Check string for compliance
2019-07-11 16:44:13 INFO  DateValidator:14 - Check string for compliance
2019-07-11 16:44:21 INFO  DateValidator:14 - Check string for compliance
2019-07-11 16:44:21 INFO  DateValidator:14 - Check string for compliance
2019-07-11 16:44:21 INFO  DateValidator:14 - Check string for compliance
2019-07-11 16:44:21 INFO  DateValidator:14 - Check string for compliance
2019-07-11 16:44:21 INFO  DateValidator:14 - Check string for compliance
2019-07-11 16:44:32 INFO  DateValidator:14 - Check string for compliance
2019-07-11 16:44:32 INFO  DateValidator:14 - Check string for compliance
2019-07-11 16:44:32 INFO  DateValidator:14 - Check string for compliance
2019-07-11 16:44:32 INFO  DateValidator:14 - Check string for compliance
2019-07-11 16:44:32 INFO  DateValidator:14 - Check string for compliance
2019-07-11 16:46:49 INFO  DateValidator:15 - Check string for compliance
2019-07-11 16:46:49 INFO  DateValidator:15 - Check string for compliance
2019-07-11 16:46:49 INFO  DateValidator:15 - Check string for compliance
2019-07-11 16:46:49 INFO  DateValidator:15 - Check string for compliance
2019-07-11 16:46:49 INFO  DateValidator:15 - Check string for compliance
2019-07-11 16:47:12 INFO  DateValidator:15 - Check string for compliance
2019-07-11 16:47:19 INFO  DateValidator:15 - Check string for compliance
2019-07-11 16:47:19 INFO  DateValidator:15 - Check string for compliance
2019-07-11 16:47:19 INFO  DateValidator:15 - Check string for compliance
2019-07-11 16:47:19 INFO  DateValidator:15 - Check string for compliance
2019-07-11 16:47:19 INFO  DateValidator:15 - Check string for compliance
2019-07-11 16:47:28 INFO  DateValidator:15 - Check string for compliance
2019-07-11 16:47:28 INFO  DateValidator:15 - Check string for compliance
2019-07-11 16:47:28 INFO  DateValidator:15 - Check string for compliance
2019-07-11 16:47:28 INFO  DateValidator:15 - Check string for compliance
2019-07-11 16:47:28 INFO  DateValidator:15 - Check string for compliance
2019-07-11 16:47:37 INFO  DateValidator:15 - Check string for compliance
2019-07-11 16:47:37 INFO  DateValidator:15 - Check string for compliance
2019-07-11 16:47:37 INFO  DateValidator:15 - Check string for compliance
2019-07-11 16:47:37 INFO  DateValidator:15 - Check string for compliance
2019-07-11 16:47:37 INFO  DateValidator:15 - Check string for compliance
2019-07-11 16:47:48 INFO  DateValidator:15 - Check string for compliance
2019-07-11 16:47:48 INFO  DateValidator:15 - Check string for compliance
2019-07-11 16:47:48 INFO  DateValidator:15 - Check string for compliance
2019-07-11 16:47:48 INFO  DateValidator:15 - Check string for compliance
2019-07-11 16:47:48 INFO  DateValidator:15 - Check string for compliance
2019-07-11 16:48:23 INFO  DateValidator:15 - Check string for compliance
2019-07-11 16:48:23 INFO  DateValidator:15 - Check string for compliance
2019-07-11 16:48:23 INFO  DateValidator:15 - Check string for compliance
2019-07-11 16:48:23 INFO  DateValidator:15 - Check string for compliance
2019-07-11 16:48:24 INFO  DateValidator:15 - Check string for compliance
2019-07-11 16:48:31 INFO  DateValidator:15 - Check string for compliance
2019-07-11 16:48:31 INFO  DateValidator:15 - Check string for compliance
2019-07-11 16:48:31 INFO  DateValidator:15 - Check string for compliance
2019-07-11 16:48:31 INFO  DateValidator:15 - Check string for compliance
2019-07-11 16:48:31 INFO  DateValidator:15 - Check string for compliance
2019-07-11 16:48:39 INFO  DateValidator:15 - Check string for compliance
2019-07-11 16:48:39 INFO  DateValidator:15 - Check string for compliance
2019-07-11 16:48:39 INFO  DateValidator:15 - Check string for compliance
2019-07-11 16:48:39 INFO  DateValidator:15 - Check string for compliance
2019-07-11 16:48:39 INFO  DateValidator:15 - Check string for compliance
2019-07-11 16:49:34 INFO  DateValidator:15 - Check string for compliance
2019-07-11 16:49:34 INFO  DateValidator:15 - Check string for compliance
2019-07-11 16:49:34 INFO  DateValidator:15 - Check string for compliance
2019-07-11 16:49:34 INFO  DateValidator:15 - Check string for compliance
2019-07-11 16:49:34 INFO  DateValidator:15 - Check string for compliance
2019-07-11 16:49:48 INFO  DateValidator:15 - Check string for compliance
2019-07-11 16:49:48 INFO  DateValidator:15 - Check string for compliance
2019-07-11 16:49:48 INFO  DateValidator:15 - Check string for compliance
2019-07-11 16:49:48 INFO  DateValidator:15 - Check string for compliance
2019-07-11 16:49:48 INFO  DateValidator:15 - Check string for compliance
2019-07-11 16:50:08 INFO  DateValidator:15 - Check string for compliance
2019-07-11 16:50:08 INFO  DateValidator:15 - Check string for compliance
2019-07-11 16:50:08 INFO  DateValidator:15 - Check string for compliance
2019-07-11 16:50:08 INFO  DateValidator:15 - Check string for compliance
2019-07-11 16:50:08 INFO  DateValidator:15 - Check string for compliance
2019-07-11 16:50:58 INFO  DateValidator:15 - Check string for compliance
2019-07-11 16:50:58 INFO  DateValidator:15 - Check string for compliance
2019-07-11 16:50:58 INFO  DateValidator:15 - Check string for compliance
2019-07-11 16:50:58 INFO  DateValidator:15 - Check string for compliance
2019-07-11 16:50:58 INFO  DateValidator:15 - Check string for compliance
2019-07-11 16:51:09 INFO  DateValidator:15 - Check string for compliance
2019-07-11 16:51:09 INFO  DateValidator:15 - Check string for compliance
2019-07-11 16:51:09 INFO  DateValidator:15 - Check string for compliance
2019-07-11 16:51:09 INFO  DateValidator:15 - Check string for compliance
2019-07-11 16:51:09 INFO  DateValidator:15 - Check string for compliance
2019-07-11 16:51:53 INFO  DateValidator:15 - Check string for compliance
2019-07-11 16:51:53 INFO  DateValidator:15 - Check string for compliance
2019-07-11 16:51:53 INFO  DateValidator:15 - Check string for compliance
2019-07-11 16:51:53 INFO  DateValidator:15 - Check string for compliance
2019-07-11 16:51:53 INFO  DateValidator:15 - Check string for compliance
2019-07-11 16:52:38 INFO  DateValidator:15 - Check string for compliance
2019-07-11 16:52:38 INFO  DateValidator:15 - Check string for compliance
2019-07-11 16:52:38 INFO  DateValidator:15 - Check string for compliance
2019-07-11 16:52:38 INFO  DateValidator:15 - Check string for compliance
2019-07-11 16:52:38 INFO  DateValidator:15 - Check string for compliance
2019-07-11 16:53:41 INFO  DateValidator:15 - Check string for compliance
2019-07-11 16:53:41 INFO  DateValidator:15 - Check string for compliance
2019-07-11 16:53:41 INFO  DateValidator:15 - Check string for compliance
2019-07-11 16:53:41 INFO  DateValidator:15 - Check string for compliance
2019-07-11 16:53:41 INFO  DateValidator:15 - Check string for compliance
2019-07-11 16:56:37 INFO  DateValidator:15 - Check string for compliance
2019-07-11 16:56:37 INFO  DateValidator:15 - Check string for compliance
2019-07-11 16:56:37 INFO  DateValidator:15 - Check string for compliance
2019-07-11 16:56:37 INFO  DateValidator:15 - Check string for compliance
2019-07-11 16:56:37 INFO  DateValidator:15 - Check string for compliance
2019-07-11 16:56:49 INFO  DateValidator:15 - Check string for compliance
2019-07-11 16:56:49 INFO  DateValidator:15 - Check string for compliance
2019-07-11 16:56:49 INFO  DateValidator:15 - Check string for compliance
2019-07-11 16:56:49 INFO  DateValidator:15 - Check string for compliance
2019-07-11 16:56:49 INFO  DateValidator:15 - Check string for compliance
2019-07-12 18:46:14 INFO  InputDataValidator:14 - Check string for compliance
2019-07-12 18:46:14 INFO  InputDataValidator:14 - Check string for compliance
2019-07-12 18:46:14 INFO  InputDataValidator:14 - Check string for compliance
2019-07-12 18:46:14 INFO  InputDataValidator:14 - Check string for compliance
2019-07-12 18:46:14 INFO  InputDataValidator:14 - Check string for compliance
2019-07-12 18:46:29 INFO  PyramidLogic:15 - 
2019-07-12 18:46:29 ERROR PyramidLogic:17 - 
2019-07-12 18:46:29 INFO  PyramidLogic:29 - 
2019-07-12 18:46:29 INFO  PyramidLogic:48 - 
2019-07-12 18:46:29 INFO  PyramidLogic:41 - 
2019-07-12 18:46:29 INFO  PyramidLogic:54 - 
2019-07-12 18:46:29 INFO  PyramidLogic:29 - 
2019-07-12 18:46:29 ERROR PyramidLogic:31 - 
2019-07-12 18:46:29 INFO  PyramidLogic:15 - 
2019-07-12 18:46:29 INFO  PyramidLogic:54 - 
2019-07-12 18:46:29 INFO  PyramidLogic:59 - 
2019-07-12 18:46:39 INFO  DataReader:24 - Reading from file
2019-07-12 18:46:39 INFO  DataReader:24 - Reading from file
2019-07-12 18:46:39 ERROR DataReader:21 - Exception, the path to file is null
2019-07-19 15:23:06 INFO  Director:28 - START PROGRAM
2019-07-19 15:23:06 ERROR DataReader:19 - Error, the path to file is null
2019-07-19 15:23:06 ERROR Director:41 - Path is wrong
com.epam.geometry.exception.file.PathToFileIsWrongException: Path is wrong
	at com.epam.geometry.io.DataReader.read(DataReader.java:20)
	at com.epam.geometry.director.Director.process(Director.java:33)
	at com.epam.geometry.director.DirectorTest.testProcess(DirectorTest.java:35)
	at java.base/jdk.internal.reflect.NativeMethodAccessorImpl.invoke0(Native Method)
	at java.base/jdk.internal.reflect.NativeMethodAccessorImpl.invoke(NativeMethodAccessorImpl.java:62)
	at java.base/jdk.internal.reflect.DelegatingMethodAccessorImpl.invoke(DelegatingMethodAccessorImpl.java:43)
	at java.base/java.lang.reflect.Method.invoke(Method.java:567)
	at org.junit.runners.model.FrameworkMethod$1.runReflectiveCall(FrameworkMethod.java:50)
	at org.junit.internal.runners.model.ReflectiveCallable.run(ReflectiveCallable.java:12)
	at org.junit.runners.model.FrameworkMethod.invokeExplosively(FrameworkMethod.java:47)
	at org.junit.internal.runners.statements.InvokeMethod.evaluate(InvokeMethod.java:17)
	at org.junit.runners.ParentRunner.runLeaf(ParentRunner.java:325)
	at org.junit.runners.BlockJUnit4ClassRunner.runChild(BlockJUnit4ClassRunner.java:78)
	at org.junit.runners.BlockJUnit4ClassRunner.runChild(BlockJUnit4ClassRunner.java:57)
	at org.junit.runners.ParentRunner$3.run(ParentRunner.java:290)
	at org.junit.runners.ParentRunner$1.schedule(ParentRunner.java:71)
	at org.junit.runners.ParentRunner.runChildren(ParentRunner.java:288)
	at org.junit.runners.ParentRunner.access$000(ParentRunner.java:58)
	at org.junit.runners.ParentRunner$2.evaluate(ParentRunner.java:268)
	at org.junit.runners.ParentRunner.run(ParentRunner.java:363)
	at org.junit.runner.JUnitCore.run(JUnitCore.java:137)
	at com.intellij.junit4.JUnit4IdeaTestRunner.startRunnerWithArgs(JUnit4IdeaTestRunner.java:68)
	at com.intellij.rt.execution.junit.IdeaTestRunner$Repeater.startRunnerWithArgs(IdeaTestRunner.java:47)
	at com.intellij.rt.execution.junit.JUnitStarter.prepareStreamsAndStart(JUnitStarter.java:242)
	at com.intellij.rt.execution.junit.JUnitStarter.main(JUnitStarter.java:70)
2019-07-19 15:23:06 INFO  Director:43 - STOP PROGRAM
2019-07-19 15:23:58 INFO  Director:28 - START PROGRAM
2019-07-19 15:23:58 ERROR DataReader:19 - Error, the path to file is null
2019-07-19 15:23:58 ERROR Director:41 - Path is wrong
com.epam.geometry.exception.file.PathToFileIsWrongException: Path is wrong
	at com.epam.geometry.io.DataReader.read(DataReader.java:20)
	at com.epam.geometry.director.Director.process(Director.java:33)
	at com.epam.geometry.director.DirectorTest.testProcess(DirectorTest.java:36)
	at java.base/jdk.internal.reflect.NativeMethodAccessorImpl.invoke0(Native Method)
	at java.base/jdk.internal.reflect.NativeMethodAccessorImpl.invoke(NativeMethodAccessorImpl.java:62)
	at java.base/jdk.internal.reflect.DelegatingMethodAccessorImpl.invoke(DelegatingMethodAccessorImpl.java:43)
	at java.base/java.lang.reflect.Method.invoke(Method.java:567)
	at org.junit.runners.model.FrameworkMethod$1.runReflectiveCall(FrameworkMethod.java:50)
	at org.junit.internal.runners.model.ReflectiveCallable.run(ReflectiveCallable.java:12)
	at org.junit.runners.model.FrameworkMethod.invokeExplosively(FrameworkMethod.java:47)
	at org.junit.internal.runners.statements.InvokeMethod.evaluate(InvokeMethod.java:17)
	at org.junit.runners.ParentRunner.runLeaf(ParentRunner.java:325)
	at org.junit.runners.BlockJUnit4ClassRunner.runChild(BlockJUnit4ClassRunner.java:78)
	at org.junit.runners.BlockJUnit4ClassRunner.runChild(BlockJUnit4ClassRunner.java:57)
	at org.junit.runners.ParentRunner$3.run(ParentRunner.java:290)
	at org.junit.runners.ParentRunner$1.schedule(ParentRunner.java:71)
	at org.junit.runners.ParentRunner.runChildren(ParentRunner.java:288)
	at org.junit.runners.ParentRunner.access$000(ParentRunner.java:58)
	at org.junit.runners.ParentRunner$2.evaluate(ParentRunner.java:268)
	at org.junit.runners.ParentRunner.run(ParentRunner.java:363)
	at org.junit.runner.JUnitCore.run(JUnitCore.java:137)
	at com.intellij.junit4.JUnit4IdeaTestRunner.startRunnerWithArgs(JUnit4IdeaTestRunner.java:68)
	at com.intellij.rt.execution.junit.IdeaTestRunner$Repeater.startRunnerWithArgs(IdeaTestRunner.java:47)
	at com.intellij.rt.execution.junit.JUnitStarter.prepareStreamsAndStart(JUnitStarter.java:242)
	at com.intellij.rt.execution.junit.JUnitStarter.main(JUnitStarter.java:70)
2019-07-19 15:23:58 INFO  Director:43 - STOP PROGRAM
2019-07-19 15:26:30 INFO  Director:29 - START PROGRAM
2019-07-19 15:26:30 ERROR DataReader:19 - Error, the path to file is null
2019-07-19 15:26:30 ERROR Director:42 - Path is wrong
com.epam.geometry.exception.file.PathToFileIsWrongException: Path is wrong
	at com.epam.geometry.io.DataReader.read(DataReader.java:20)
	at com.epam.geometry.director.Director.process(Director.java:34)
	at com.epam.geometry.director.DirectorTest.testProcess(DirectorTest.java:36)
	at java.base/jdk.internal.reflect.NativeMethodAccessorImpl.invoke0(Native Method)
	at java.base/jdk.internal.reflect.NativeMethodAccessorImpl.invoke(NativeMethodAccessorImpl.java:62)
	at java.base/jdk.internal.reflect.DelegatingMethodAccessorImpl.invoke(DelegatingMethodAccessorImpl.java:43)
	at java.base/java.lang.reflect.Method.invoke(Method.java:567)
	at org.junit.runners.model.FrameworkMethod$1.runReflectiveCall(FrameworkMethod.java:50)
	at org.junit.internal.runners.model.ReflectiveCallable.run(ReflectiveCallable.java:12)
	at org.junit.runners.model.FrameworkMethod.invokeExplosively(FrameworkMethod.java:47)
	at org.junit.internal.runners.statements.InvokeMethod.evaluate(InvokeMethod.java:17)
	at org.junit.runners.ParentRunner.runLeaf(ParentRunner.java:325)
	at org.junit.runners.BlockJUnit4ClassRunner.runChild(BlockJUnit4ClassRunner.java:78)
	at org.junit.runners.BlockJUnit4ClassRunner.runChild(BlockJUnit4ClassRunner.java:57)
	at org.junit.runners.ParentRunner$3.run(ParentRunner.java:290)
	at org.junit.runners.ParentRunner$1.schedule(ParentRunner.java:71)
	at org.junit.runners.ParentRunner.runChildren(ParentRunner.java:288)
	at org.junit.runners.ParentRunner.access$000(ParentRunner.java:58)
	at org.junit.runners.ParentRunner$2.evaluate(ParentRunner.java:268)
	at org.junit.runners.ParentRunner.run(ParentRunner.java:363)
	at org.junit.runner.JUnitCore.run(JUnitCore.java:137)
	at com.intellij.junit4.JUnit4IdeaTestRunner.startRunnerWithArgs(JUnit4IdeaTestRunner.java:68)
	at com.intellij.rt.execution.junit.IdeaTestRunner$Repeater.startRunnerWithArgs(IdeaTestRunner.java:47)
	at com.intellij.rt.execution.junit.JUnitStarter.prepareStreamsAndStart(JUnitStarter.java:242)
	at com.intellij.rt.execution.junit.JUnitStarter.main(JUnitStarter.java:70)
2019-07-19 15:26:30 INFO  Director:44 - STOP PROGRAM
2019-07-19 15:27:27 INFO  Director:29 - START PROGRAM
2019-07-19 15:27:27 ERROR DataReader:19 - Error, the path to file is null
2019-07-19 15:27:27 ERROR Director:42 - Path is wrong
com.epam.geometry.exception.file.PathToFileIsWrongException: Path is wrong
	at com.epam.geometry.io.DataReader.read(DataReader.java:20)
	at com.epam.geometry.director.Director.process(Director.java:34)
	at com.epam.geometry.director.DirectorTest.testProcess(DirectorTest.java:36)
	at java.base/jdk.internal.reflect.NativeMethodAccessorImpl.invoke0(Native Method)
	at java.base/jdk.internal.reflect.NativeMethodAccessorImpl.invoke(NativeMethodAccessorImpl.java:62)
	at java.base/jdk.internal.reflect.DelegatingMethodAccessorImpl.invoke(DelegatingMethodAccessorImpl.java:43)
	at java.base/java.lang.reflect.Method.invoke(Method.java:567)
	at org.junit.runners.model.FrameworkMethod$1.runReflectiveCall(FrameworkMethod.java:50)
	at org.junit.internal.runners.model.ReflectiveCallable.run(ReflectiveCallable.java:12)
	at org.junit.runners.model.FrameworkMethod.invokeExplosively(FrameworkMethod.java:47)
	at org.junit.internal.runners.statements.InvokeMethod.evaluate(InvokeMethod.java:17)
	at org.junit.runners.ParentRunner.runLeaf(ParentRunner.java:325)
	at org.junit.runners.BlockJUnit4ClassRunner.runChild(BlockJUnit4ClassRunner.java:78)
	at org.junit.runners.BlockJUnit4ClassRunner.runChild(BlockJUnit4ClassRunner.java:57)
	at org.junit.runners.ParentRunner$3.run(ParentRunner.java:290)
	at org.junit.runners.ParentRunner$1.schedule(ParentRunner.java:71)
	at org.junit.runners.ParentRunner.runChildren(ParentRunner.java:288)
	at org.junit.runners.ParentRunner.access$000(ParentRunner.java:58)
	at org.junit.runners.ParentRunner$2.evaluate(ParentRunner.java:268)
	at org.junit.runners.ParentRunner.run(ParentRunner.java:363)
	at org.junit.runner.JUnitCore.run(JUnitCore.java:137)
	at com.intellij.junit4.JUnit4IdeaTestRunner.startRunnerWithArgs(JUnit4IdeaTestRunner.java:68)
	at com.intellij.rt.execution.junit.IdeaTestRunner$Repeater.startRunnerWithArgs(IdeaTestRunner.java:47)
	at com.intellij.rt.execution.junit.JUnitStarter.prepareStreamsAndStart(JUnitStarter.java:242)
	at com.intellij.rt.execution.junit.JUnitStarter.main(JUnitStarter.java:70)
2019-07-19 15:27:27 INFO  Director:44 - STOP PROGRAM
2019-07-19 15:27:35 ERROR DataReader:19 - Error, the path to file is null
2019-07-19 15:27:35 ERROR DataReader:19 - Error, the path to file is null
2019-07-19 15:27:35 ERROR DataReader:19 - Error, the path to file is null
2019-07-19 15:28:31 ERROR DataReader:19 - Error, the path to file is null
2019-07-19 15:29:16 ERROR DataReader:19 - Error, the path to file is null
2019-07-19 15:29:53 ERROR DataReader:19 - Error, the path to file is null
2019-07-19 15:30:21 INFO  Director:29 - START PROGRAM
2019-07-19 15:30:21 INFO  Director:44 - STOP PROGRAM
2019-07-19 15:33:52 INFO  Director:29 - START PROGRAM
2019-07-19 15:33:52 INFO  Director:44 - STOP PROGRAM
2019-07-19 15:34:01 INFO  Director:29 - START PROGRAM
2019-07-19 15:34:01 INFO  Director:44 - STOP PROGRAM
2019-07-19 15:34:01 INFO  Director:29 - START PROGRAM
2019-07-19 15:34:01 INFO  Director:44 - STOP PROGRAM
2019-07-19 15:35:09 INFO  Director:29 - START PROGRAM
2019-07-19 15:35:09 ERROR DataReader:19 - Error, the path to file is null
2019-07-19 15:35:09 ERROR Director:42 - Path is wrong
com.epam.geometry.exception.file.PathToFileIsWrongException: Path is wrong
	at com.epam.geometry.io.DataReader.read(DataReader.java:20)
	at com.epam.geometry.director.Director.process(Director.java:34)
	at com.epam.geometry.director.DirectorTest.testProcessShouldReturnExceptionWhenPathWrong(DirectorTest.java:63)
	at java.base/jdk.internal.reflect.NativeMethodAccessorImpl.invoke0(Native Method)
	at java.base/jdk.internal.reflect.NativeMethodAccessorImpl.invoke(NativeMethodAccessorImpl.java:62)
	at java.base/jdk.internal.reflect.DelegatingMethodAccessorImpl.invoke(DelegatingMethodAccessorImpl.java:43)
	at java.base/java.lang.reflect.Method.invoke(Method.java:567)
	at org.junit.runners.model.FrameworkMethod$1.runReflectiveCall(FrameworkMethod.java:50)
	at org.junit.internal.runners.model.ReflectiveCallable.run(ReflectiveCallable.java:12)
	at org.junit.runners.model.FrameworkMethod.invokeExplosively(FrameworkMethod.java:47)
	at org.junit.internal.runners.statements.InvokeMethod.evaluate(InvokeMethod.java:17)
	at org.junit.internal.runners.statements.ExpectException.evaluate(ExpectException.java:19)
	at org.junit.internal.runners.statements.RunBefores.evaluate(RunBefores.java:26)
	at org.junit.runners.ParentRunner.runLeaf(ParentRunner.java:325)
	at org.junit.runners.BlockJUnit4ClassRunner.runChild(BlockJUnit4ClassRunner.java:78)
	at org.junit.runners.BlockJUnit4ClassRunner.runChild(BlockJUnit4ClassRunner.java:57)
	at org.junit.runners.ParentRunner$3.run(ParentRunner.java:290)
	at org.junit.runners.ParentRunner$1.schedule(ParentRunner.java:71)
	at org.junit.runners.ParentRunner.runChildren(ParentRunner.java:288)
	at org.junit.runners.ParentRunner.access$000(ParentRunner.java:58)
	at org.junit.runners.ParentRunner$2.evaluate(ParentRunner.java:268)
	at org.junit.runners.ParentRunner.run(ParentRunner.java:363)
	at org.junit.runner.JUnitCore.run(JUnitCore.java:137)
	at com.intellij.junit4.JUnit4IdeaTestRunner.startRunnerWithArgs(JUnit4IdeaTestRunner.java:68)
	at com.intellij.rt.execution.junit.IdeaTestRunner$Repeater.startRunnerWithArgs(IdeaTestRunner.java:47)
	at com.intellij.rt.execution.junit.JUnitStarter.prepareStreamsAndStart(JUnitStarter.java:242)
	at com.intellij.rt.execution.junit.JUnitStarter.main(JUnitStarter.java:70)
2019-07-19 15:35:09 INFO  Director:44 - STOP PROGRAM
2019-07-19 15:37:10 INFO  Director:29 - START PROGRAM
2019-07-19 15:37:10 INFO  Director:44 - STOP PROGRAM
2019-07-19 15:37:10 INFO  Director:29 - START PROGRAM
2019-07-19 15:37:10 INFO  Director:44 - STOP PROGRAM
2019-07-19 15:37:20 ERROR DataReader:19 - Error, the path to file is null
2019-07-22 16:03:07 INFO  Director:29 - START PROGRAM
2019-07-22 16:03:07 INFO  Director:44 - STOP PROGRAM
2019-07-22 16:03:44 INFO  Director:29 - START PROGRAM
2019-07-22 16:03:44 INFO  Director:44 - STOP PROGRAM
2019-07-22 16:08:20 INFO  Director:29 - START PROGRAM
2019-07-22 16:08:20 INFO  Director:44 - STOP PROGRAM
2019-07-22 16:09:16 INFO  Director:29 - START PROGRAM
2019-07-22 16:09:16 INFO  Director:44 - STOP PROGRAM
2019-07-22 16:09:32 INFO  Director:29 - START PROGRAM
2019-07-22 16:09:32 INFO  Director:44 - STOP PROGRAM
2019-07-24 23:44:18 INFO  Director:29 - START PROGRAM
2019-07-24 23:44:18 INFO  Director:44 - STOP PROGRAM
2019-07-24 23:44:18 ERROR DataReader:19 - Error, the path to file is null
2019-07-24 23:48:01 INFO  Director:29 - START PROGRAM
2019-07-24 23:48:01 INFO  Director:44 - STOP PROGRAM
2019-07-24 23:48:11 INFO  Director:29 - START PROGRAM
2019-07-24 23:48:11 INFO  Director:44 - STOP PROGRAM
2019-07-24 23:48:11 ERROR DataReader:19 - Error, the path to file is null
2019-07-24 23:48:27 INFO  Director:29 - START PROGRAM
2019-07-24 23:48:27 INFO  Director:44 - STOP PROGRAM
2019-07-24 23:48:59 INFO  Director:29 - START PROGRAM
2019-07-24 23:48:59 INFO  Director:44 - STOP PROGRAM
2019-07-24 23:50:35 INFO  Director:29 - START PROGRAM
2019-07-24 23:50:35 INFO  Director:44 - STOP PROGRAM
2019-07-24 23:52:09 INFO  Director:29 - START PROGRAM
2019-07-24 23:52:09 INFO  Director:44 - STOP PROGRAM
2019-07-24 23:52:42 INFO  Director:29 - START PROGRAM
2019-07-24 23:52:43 INFO  Director:44 - STOP PROGRAM
2019-07-24 23:53:06 INFO  Director:29 - START PROGRAM
2019-07-24 23:53:06 INFO  Director:44 - STOP PROGRAM
2019-07-24 23:53:19 INFO  Director:29 - START PROGRAM
2019-07-24 23:53:19 INFO  Director:44 - STOP PROGRAM
2019-07-25 00:12:32 INFO  Director:29 - START PROGRAM
2019-07-25 00:12:32 INFO  Director:44 - STOP PROGRAM
2019-07-25 00:12:54 INFO  Director:29 - START PROGRAM
2019-07-25 00:12:54 INFO  Director:44 - STOP PROGRAM
2019-07-25 00:15:03 INFO  Director:29 - START PROGRAM
2019-07-25 00:15:03 INFO  Director:44 - STOP PROGRAM
2019-07-25 17:13:57 INFO  Director:29 - START PROGRAM
2019-07-25 17:13:57 INFO  Director:44 - STOP PROGRAM
2019-07-25 17:16:17 INFO  Director:29 - START PROGRAM
2019-07-25 17:16:17 INFO  Director:44 - STOP PROGRAM
2019-07-25 17:39:21 INFO  Director:29 - START PROGRAM
2019-07-25 17:39:21 ERROR Director:42 - 
com.epam.geometry.exception.file.FileNotReadException
	at com.epam.geometry.director.Director.process(Director.java:34)
	at com.epam.geometry.director.DirectorTest.testProcessShouldReturnEmptyListWhenInvalidPathSupplied(DirectorTest.java:88)
	at java.base/jdk.internal.reflect.NativeMethodAccessorImpl.invoke0(Native Method)
	at java.base/jdk.internal.reflect.NativeMethodAccessorImpl.invoke(NativeMethodAccessorImpl.java:62)
	at java.base/jdk.internal.reflect.DelegatingMethodAccessorImpl.invoke(DelegatingMethodAccessorImpl.java:43)
	at java.base/java.lang.reflect.Method.invoke(Method.java:567)
	at org.junit.runners.model.FrameworkMethod$1.runReflectiveCall(FrameworkMethod.java:50)
	at org.junit.internal.runners.model.ReflectiveCallable.run(ReflectiveCallable.java:12)
	at org.junit.runners.model.FrameworkMethod.invokeExplosively(FrameworkMethod.java:47)
	at org.junit.internal.runners.statements.InvokeMethod.evaluate(InvokeMethod.java:17)
	at org.junit.internal.runners.statements.RunBefores.evaluate(RunBefores.java:26)
	at org.junit.runners.ParentRunner.runLeaf(ParentRunner.java:325)
	at org.junit.runners.BlockJUnit4ClassRunner.runChild(BlockJUnit4ClassRunner.java:78)
	at org.junit.runners.BlockJUnit4ClassRunner.runChild(BlockJUnit4ClassRunner.java:57)
	at org.junit.runners.ParentRunner$3.run(ParentRunner.java:290)
	at org.junit.runners.ParentRunner$1.schedule(ParentRunner.java:71)
	at org.junit.runners.ParentRunner.runChildren(ParentRunner.java:288)
	at org.junit.runners.ParentRunner.access$000(ParentRunner.java:58)
	at org.junit.runners.ParentRunner$2.evaluate(ParentRunner.java:268)
	at org.junit.runners.ParentRunner.run(ParentRunner.java:363)
	at org.junit.runner.JUnitCore.run(JUnitCore.java:137)
	at com.intellij.junit4.JUnit4IdeaTestRunner.startRunnerWithArgs(JUnit4IdeaTestRunner.java:68)
	at com.intellij.rt.execution.junit.IdeaTestRunner$Repeater.startRunnerWithArgs(IdeaTestRunner.java:47)
	at com.intellij.rt.execution.junit.JUnitStarter.prepareStreamsAndStart(JUnitStarter.java:242)
	at com.intellij.rt.execution.junit.JUnitStarter.main(JUnitStarter.java:70)
2019-07-25 17:39:21 INFO  Director:44 - STOP PROGRAM
2019-07-25 17:39:35 INFO  Director:29 - START PROGRAM
2019-07-25 17:39:35 ERROR Director:42 - 
com.epam.geometry.exception.file.FileNotReadException
	at com.epam.geometry.director.Director.process(Director.java:34)
	at com.epam.geometry.director.DirectorTest.testProcessShouldReturnEmptyListWhenInvalidPathSupplied(DirectorTest.java:88)
	at java.base/jdk.internal.reflect.NativeMethodAccessorImpl.invoke0(Native Method)
	at java.base/jdk.internal.reflect.NativeMethodAccessorImpl.invoke(NativeMethodAccessorImpl.java:62)
	at java.base/jdk.internal.reflect.DelegatingMethodAccessorImpl.invoke(DelegatingMethodAccessorImpl.java:43)
	at java.base/java.lang.reflect.Method.invoke(Method.java:567)
	at org.junit.runners.model.FrameworkMethod$1.runReflectiveCall(FrameworkMethod.java:50)
	at org.junit.internal.runners.model.ReflectiveCallable.run(ReflectiveCallable.java:12)
	at org.junit.runners.model.FrameworkMethod.invokeExplosively(FrameworkMethod.java:47)
	at org.junit.internal.runners.statements.InvokeMethod.evaluate(InvokeMethod.java:17)
	at org.junit.internal.runners.statements.RunBefores.evaluate(RunBefores.java:26)
	at org.junit.runners.ParentRunner.runLeaf(ParentRunner.java:325)
	at org.junit.runners.BlockJUnit4ClassRunner.runChild(BlockJUnit4ClassRunner.java:78)
	at org.junit.runners.BlockJUnit4ClassRunner.runChild(BlockJUnit4ClassRunner.java:57)
	at org.junit.runners.ParentRunner$3.run(ParentRunner.java:290)
	at org.junit.runners.ParentRunner$1.schedule(ParentRunner.java:71)
	at org.junit.runners.ParentRunner.runChildren(ParentRunner.java:288)
	at org.junit.runners.ParentRunner.access$000(ParentRunner.java:58)
	at org.junit.runners.ParentRunner$2.evaluate(ParentRunner.java:268)
	at org.junit.runners.ParentRunner.run(ParentRunner.java:363)
	at org.junit.runner.JUnitCore.run(JUnitCore.java:137)
	at com.intellij.junit4.JUnit4IdeaTestRunner.startRunnerWithArgs(JUnit4IdeaTestRunner.java:68)
	at com.intellij.rt.execution.junit.IdeaTestRunner$Repeater.startRunnerWithArgs(IdeaTestRunner.java:47)
	at com.intellij.rt.execution.junit.JUnitStarter.prepareStreamsAndStart(JUnitStarter.java:242)
	at com.intellij.rt.execution.junit.JUnitStarter.main(JUnitStarter.java:70)
2019-07-25 17:39:35 INFO  Director:44 - STOP PROGRAM
2019-07-25 17:40:36 ERROR DataReader:19 - Error, the path to file is null
2019-07-25 17:46:21 INFO  Director:29 - START PROGRAM
2019-07-25 17:46:21 ERROR Director:42 - 
com.epam.geometry.exception.file.FileNotReadException
	at com.epam.geometry.director.Director.process(Director.java:34)
	at com.epam.geometry.director.DirectorTest.testProcessShouldReturnEmptyListWhenInvalidPathSupplied(DirectorTest.java:88)
	at java.base/jdk.internal.reflect.NativeMethodAccessorImpl.invoke0(Native Method)
	at java.base/jdk.internal.reflect.NativeMethodAccessorImpl.invoke(NativeMethodAccessorImpl.java:62)
	at java.base/jdk.internal.reflect.DelegatingMethodAccessorImpl.invoke(DelegatingMethodAccessorImpl.java:43)
	at java.base/java.lang.reflect.Method.invoke(Method.java:567)
	at org.junit.runners.model.FrameworkMethod$1.runReflectiveCall(FrameworkMethod.java:50)
	at org.junit.internal.runners.model.ReflectiveCallable.run(ReflectiveCallable.java:12)
	at org.junit.runners.model.FrameworkMethod.invokeExplosively(FrameworkMethod.java:47)
	at org.junit.internal.runners.statements.InvokeMethod.evaluate(InvokeMethod.java:17)
	at org.junit.internal.runners.statements.RunBefores.evaluate(RunBefores.java:26)
	at org.junit.runners.ParentRunner.runLeaf(ParentRunner.java:325)
	at org.junit.runners.BlockJUnit4ClassRunner.runChild(BlockJUnit4ClassRunner.java:78)
	at org.junit.runners.BlockJUnit4ClassRunner.runChild(BlockJUnit4ClassRunner.java:57)
	at org.junit.runners.ParentRunner$3.run(ParentRunner.java:290)
	at org.junit.runners.ParentRunner$1.schedule(ParentRunner.java:71)
	at org.junit.runners.ParentRunner.runChildren(ParentRunner.java:288)
	at org.junit.runners.ParentRunner.access$000(ParentRunner.java:58)
	at org.junit.runners.ParentRunner$2.evaluate(ParentRunner.java:268)
	at org.junit.runners.ParentRunner.run(ParentRunner.java:363)
	at org.junit.runner.JUnitCore.run(JUnitCore.java:137)
	at com.intellij.junit4.JUnit4IdeaTestRunner.startRunnerWithArgs(JUnit4IdeaTestRunner.java:68)
	at com.intellij.rt.execution.junit.IdeaTestRunner$Repeater.startRunnerWithArgs(IdeaTestRunner.java:47)
	at com.intellij.rt.execution.junit.JUnitStarter.prepareStreamsAndStart(JUnitStarter.java:242)
	at com.intellij.rt.execution.junit.JUnitStarter.main(JUnitStarter.java:70)
2019-07-25 17:46:21 INFO  Director:44 - STOP PROGRAM
2019-07-25 17:46:21 INFO  Director:29 - START PROGRAM
2019-07-25 17:46:21 INFO  Director:44 - STOP PROGRAM
2019-07-25 17:46:28 ERROR DataReader:19 - Error, the path to file is null
2019-07-26 23:31:07 INFO  Director:29 - START PROGRAM
2019-07-26 23:31:07 ERROR Director:42 - 
com.epam.geometry.exception.file.FileNotReadException
	at com.epam.geometry.director.Director.process(Director.java:34)
	at com.epam.geometry.director.DirectorTest.testProcessShouldReturnEmptyListWhenInvalidPathSupplied(DirectorTest.java:88)
	at java.base/jdk.internal.reflect.NativeMethodAccessorImpl.invoke0(Native Method)
	at java.base/jdk.internal.reflect.NativeMethodAccessorImpl.invoke(NativeMethodAccessorImpl.java:62)
	at java.base/jdk.internal.reflect.DelegatingMethodAccessorImpl.invoke(DelegatingMethodAccessorImpl.java:43)
	at java.base/java.lang.reflect.Method.invoke(Method.java:567)
	at org.junit.runners.model.FrameworkMethod$1.runReflectiveCall(FrameworkMethod.java:50)
	at org.junit.internal.runners.model.ReflectiveCallable.run(ReflectiveCallable.java:12)
	at org.junit.runners.model.FrameworkMethod.invokeExplosively(FrameworkMethod.java:47)
	at org.junit.internal.runners.statements.InvokeMethod.evaluate(InvokeMethod.java:17)
	at org.junit.internal.runners.statements.RunBefores.evaluate(RunBefores.java:26)
	at org.junit.runners.ParentRunner.runLeaf(ParentRunner.java:325)
	at org.junit.runners.BlockJUnit4ClassRunner.runChild(BlockJUnit4ClassRunner.java:78)
	at org.junit.runners.BlockJUnit4ClassRunner.runChild(BlockJUnit4ClassRunner.java:57)
	at org.junit.runners.ParentRunner$3.run(ParentRunner.java:290)
	at org.junit.runners.ParentRunner$1.schedule(ParentRunner.java:71)
	at org.junit.runners.ParentRunner.runChildren(ParentRunner.java:288)
	at org.junit.runners.ParentRunner.access$000(ParentRunner.java:58)
	at org.junit.runners.ParentRunner$2.evaluate(ParentRunner.java:268)
	at org.junit.runners.ParentRunner.run(ParentRunner.java:363)
	at org.junit.runner.JUnitCore.run(JUnitCore.java:137)
	at com.intellij.junit4.JUnit4IdeaTestRunner.startRunnerWithArgs(JUnit4IdeaTestRunner.java:68)
	at com.intellij.rt.execution.junit.IdeaTestRunner$Repeater.startRunnerWithArgs(IdeaTestRunner.java:47)
	at com.intellij.rt.execution.junit.JUnitStarter.prepareStreamsAndStart(JUnitStarter.java:242)
	at com.intellij.rt.execution.junit.JUnitStarter.main(JUnitStarter.java:70)
2019-07-26 23:31:07 INFO  Director:44 - STOP PROGRAM
2019-07-26 23:31:07 INFO  Director:29 - START PROGRAM
2019-07-26 23:31:07 INFO  Director:44 - STOP PROGRAM
2019-07-26 23:31:16 ERROR DataReader:19 - Error, the path to file is null
2019-07-27 00:01:38 INFO  Director:29 - START PROGRAM
2019-07-27 00:01:38 ERROR Director:42 - 
com.epam.geometry.exception.file.FileNotReadException
	at com.epam.geometry.director.Director.process(Director.java:34)
	at com.epam.geometry.director.DirectorTest.testProcessShouldReturnEmptyListWhenInvalidPathSupplied(DirectorTest.java:88)
	at java.base/jdk.internal.reflect.NativeMethodAccessorImpl.invoke0(Native Method)
	at java.base/jdk.internal.reflect.NativeMethodAccessorImpl.invoke(NativeMethodAccessorImpl.java:62)
	at java.base/jdk.internal.reflect.DelegatingMethodAccessorImpl.invoke(DelegatingMethodAccessorImpl.java:43)
	at java.base/java.lang.reflect.Method.invoke(Method.java:567)
	at org.junit.runners.model.FrameworkMethod$1.runReflectiveCall(FrameworkMethod.java:50)
	at org.junit.internal.runners.model.ReflectiveCallable.run(ReflectiveCallable.java:12)
	at org.junit.runners.model.FrameworkMethod.invokeExplosively(FrameworkMethod.java:47)
	at org.junit.internal.runners.statements.InvokeMethod.evaluate(InvokeMethod.java:17)
	at org.junit.internal.runners.statements.RunBefores.evaluate(RunBefores.java:26)
	at org.junit.runners.ParentRunner.runLeaf(ParentRunner.java:325)
	at org.junit.runners.BlockJUnit4ClassRunner.runChild(BlockJUnit4ClassRunner.java:78)
	at org.junit.runners.BlockJUnit4ClassRunner.runChild(BlockJUnit4ClassRunner.java:57)
	at org.junit.runners.ParentRunner$3.run(ParentRunner.java:290)
	at org.junit.runners.ParentRunner$1.schedule(ParentRunner.java:71)
	at org.junit.runners.ParentRunner.runChildren(ParentRunner.java:288)
	at org.junit.runners.ParentRunner.access$000(ParentRunner.java:58)
	at org.junit.runners.ParentRunner$2.evaluate(ParentRunner.java:268)
	at org.junit.runners.ParentRunner.run(ParentRunner.java:363)
	at org.junit.runner.JUnitCore.run(JUnitCore.java:137)
	at com.intellij.junit4.JUnit4IdeaTestRunner.startRunnerWithArgs(JUnit4IdeaTestRunner.java:68)
	at com.intellij.rt.execution.junit.IdeaTestRunner$Repeater.startRunnerWithArgs(IdeaTestRunner.java:47)
	at com.intellij.rt.execution.junit.JUnitStarter.prepareStreamsAndStart(JUnitStarter.java:242)
	at com.intellij.rt.execution.junit.JUnitStarter.main(JUnitStarter.java:70)
2019-07-27 00:01:38 INFO  Director:44 - STOP PROGRAM
2019-07-27 00:01:38 INFO  Director:29 - START PROGRAM
2019-07-27 00:01:38 INFO  Director:44 - STOP PROGRAM
2019-07-27 00:01:45 ERROR DataReader:19 - Error, the path to file is null
2019-07-27 15:50:41 INFO  Director:29 - START PROGRAM
2019-07-27 15:50:41 ERROR Director:42 - 
com.epam.geometry.exception.file.FileNotReadException
	at com.epam.geometry.director.Director.process(Director.java:34)
	at com.epam.geometry.director.DirectorTest.testProcessShouldReturnEmptyListWhenInvalidPathSupplied(DirectorTest.java:88)
	at java.base/jdk.internal.reflect.NativeMethodAccessorImpl.invoke0(Native Method)
	at java.base/jdk.internal.reflect.NativeMethodAccessorImpl.invoke(NativeMethodAccessorImpl.java:62)
	at java.base/jdk.internal.reflect.DelegatingMethodAccessorImpl.invoke(DelegatingMethodAccessorImpl.java:43)
	at java.base/java.lang.reflect.Method.invoke(Method.java:567)
	at org.junit.runners.model.FrameworkMethod$1.runReflectiveCall(FrameworkMethod.java:50)
	at org.junit.internal.runners.model.ReflectiveCallable.run(ReflectiveCallable.java:12)
	at org.junit.runners.model.FrameworkMethod.invokeExplosively(FrameworkMethod.java:47)
	at org.junit.internal.runners.statements.InvokeMethod.evaluate(InvokeMethod.java:17)
	at org.junit.internal.runners.statements.RunBefores.evaluate(RunBefores.java:26)
	at org.junit.runners.ParentRunner.runLeaf(ParentRunner.java:325)
	at org.junit.runners.BlockJUnit4ClassRunner.runChild(BlockJUnit4ClassRunner.java:78)
	at org.junit.runners.BlockJUnit4ClassRunner.runChild(BlockJUnit4ClassRunner.java:57)
	at org.junit.runners.ParentRunner$3.run(ParentRunner.java:290)
	at org.junit.runners.ParentRunner$1.schedule(ParentRunner.java:71)
	at org.junit.runners.ParentRunner.runChildren(ParentRunner.java:288)
	at org.junit.runners.ParentRunner.access$000(ParentRunner.java:58)
	at org.junit.runners.ParentRunner$2.evaluate(ParentRunner.java:268)
	at org.junit.runners.ParentRunner.run(ParentRunner.java:363)
	at org.junit.runner.JUnitCore.run(JUnitCore.java:137)
	at com.intellij.junit4.JUnit4IdeaTestRunner.startRunnerWithArgs(JUnit4IdeaTestRunner.java:68)
	at com.intellij.rt.execution.junit.IdeaTestRunner$Repeater.startRunnerWithArgs(IdeaTestRunner.java:47)
	at com.intellij.rt.execution.junit.JUnitStarter.prepareStreamsAndStart(JUnitStarter.java:242)
	at com.intellij.rt.execution.junit.JUnitStarter.main(JUnitStarter.java:70)
2019-07-27 15:50:41 INFO  Director:44 - STOP PROGRAM
2019-07-27 15:50:41 INFO  Director:29 - START PROGRAM
2019-07-27 15:50:41 INFO  Director:44 - STOP PROGRAM
2019-07-27 15:50:49 ERROR DataReader:19 - Error, the path to file is null
2019-07-27 15:55:12 INFO  Director:29 - START PROGRAM
2019-07-27 15:55:12 ERROR Director:42 - 
com.epam.geometry.exception.file.FileNotReadException
	at com.epam.geometry.director.Director.process(Director.java:34)
	at com.epam.geometry.director.DirectorTest.testProcessShouldReturnEmptyListWhenInvalidPathSupplied(DirectorTest.java:88)
	at java.base/jdk.internal.reflect.NativeMethodAccessorImpl.invoke0(Native Method)
	at java.base/jdk.internal.reflect.NativeMethodAccessorImpl.invoke(NativeMethodAccessorImpl.java:62)
	at java.base/jdk.internal.reflect.DelegatingMethodAccessorImpl.invoke(DelegatingMethodAccessorImpl.java:43)
	at java.base/java.lang.reflect.Method.invoke(Method.java:567)
	at org.junit.runners.model.FrameworkMethod$1.runReflectiveCall(FrameworkMethod.java:50)
	at org.junit.internal.runners.model.ReflectiveCallable.run(ReflectiveCallable.java:12)
	at org.junit.runners.model.FrameworkMethod.invokeExplosively(FrameworkMethod.java:47)
	at org.junit.internal.runners.statements.InvokeMethod.evaluate(InvokeMethod.java:17)
	at org.junit.internal.runners.statements.RunBefores.evaluate(RunBefores.java:26)
	at org.junit.runners.ParentRunner.runLeaf(ParentRunner.java:325)
	at org.junit.runners.BlockJUnit4ClassRunner.runChild(BlockJUnit4ClassRunner.java:78)
	at org.junit.runners.BlockJUnit4ClassRunner.runChild(BlockJUnit4ClassRunner.java:57)
	at org.junit.runners.ParentRunner$3.run(ParentRunner.java:290)
	at org.junit.runners.ParentRunner$1.schedule(ParentRunner.java:71)
	at org.junit.runners.ParentRunner.runChildren(ParentRunner.java:288)
	at org.junit.runners.ParentRunner.access$000(ParentRunner.java:58)
	at org.junit.runners.ParentRunner$2.evaluate(ParentRunner.java:268)
	at org.junit.runners.ParentRunner.run(ParentRunner.java:363)
	at org.junit.runner.JUnitCore.run(JUnitCore.java:137)
	at com.intellij.junit4.JUnit4IdeaTestRunner.startRunnerWithArgs(JUnit4IdeaTestRunner.java:68)
	at com.intellij.rt.execution.junit.IdeaTestRunner$Repeater.startRunnerWithArgs(IdeaTestRunner.java:47)
	at com.intellij.rt.execution.junit.JUnitStarter.prepareStreamsAndStart(JUnitStarter.java:242)
	at com.intellij.rt.execution.junit.JUnitStarter.main(JUnitStarter.java:70)
2019-07-27 15:55:12 INFO  Director:44 - STOP PROGRAM
2019-07-27 15:55:12 INFO  Director:29 - START PROGRAM
2019-07-27 15:55:12 INFO  Director:44 - STOP PROGRAM
2019-07-27 15:55:40 INFO  Director:29 - START PROGRAM
2019-07-27 15:55:40 INFO  Director:44 - STOP PROGRAM
2019-07-27 15:55:53 INFO  Director:29 - START PROGRAM
2019-07-27 15:55:53 ERROR Director:42 - 
com.epam.geometry.exception.file.FileNotReadException
	at com.epam.geometry.director.Director.process(Director.java:34)
	at com.epam.geometry.director.DirectorTest.testProcessShouldReturnEmptyListWhenInvalidPathSupplied(DirectorTest.java:88)
	at java.base/jdk.internal.reflect.NativeMethodAccessorImpl.invoke0(Native Method)
	at java.base/jdk.internal.reflect.NativeMethodAccessorImpl.invoke(NativeMethodAccessorImpl.java:62)
	at java.base/jdk.internal.reflect.DelegatingMethodAccessorImpl.invoke(DelegatingMethodAccessorImpl.java:43)
	at java.base/java.lang.reflect.Method.invoke(Method.java:567)
	at org.junit.runners.model.FrameworkMethod$1.runReflectiveCall(FrameworkMethod.java:50)
	at org.junit.internal.runners.model.ReflectiveCallable.run(ReflectiveCallable.java:12)
	at org.junit.runners.model.FrameworkMethod.invokeExplosively(FrameworkMethod.java:47)
	at org.junit.internal.runners.statements.InvokeMethod.evaluate(InvokeMethod.java:17)
	at org.junit.internal.runners.statements.RunBefores.evaluate(RunBefores.java:26)
	at org.junit.runners.ParentRunner.runLeaf(ParentRunner.java:325)
	at org.junit.runners.BlockJUnit4ClassRunner.runChild(BlockJUnit4ClassRunner.java:78)
	at org.junit.runners.BlockJUnit4ClassRunner.runChild(BlockJUnit4ClassRunner.java:57)
	at org.junit.runners.ParentRunner$3.run(ParentRunner.java:290)
	at org.junit.runners.ParentRunner$1.schedule(ParentRunner.java:71)
	at org.junit.runners.ParentRunner.runChildren(ParentRunner.java:288)
	at org.junit.runners.ParentRunner.access$000(ParentRunner.java:58)
	at org.junit.runners.ParentRunner$2.evaluate(ParentRunner.java:268)
	at org.junit.runners.ParentRunner.run(ParentRunner.java:363)
	at org.junit.runner.JUnitCore.run(JUnitCore.java:137)
	at com.intellij.junit4.JUnit4IdeaTestRunner.startRunnerWithArgs(JUnit4IdeaTestRunner.java:68)
	at com.intellij.rt.execution.junit.IdeaTestRunner$Repeater.startRunnerWithArgs(IdeaTestRunner.java:47)
	at com.intellij.rt.execution.junit.JUnitStarter.prepareStreamsAndStart(JUnitStarter.java:242)
	at com.intellij.rt.execution.junit.JUnitStarter.main(JUnitStarter.java:70)
2019-07-27 15:55:53 INFO  Director:44 - STOP PROGRAM
2019-07-27 16:03:23 INFO  Director:29 - START PROGRAM
2019-07-27 16:03:23 ERROR Director:42 - 
com.epam.geometry.exception.file.FileNotReadException
	at com.epam.geometry.director.Director.process(Director.java:34)
	at com.epam.geometry.director.DirectorTest.testProcessShouldReturnEmptyListWhenInvalidPathSupplied(DirectorTest.java:88)
	at java.base/jdk.internal.reflect.NativeMethodAccessorImpl.invoke0(Native Method)
	at java.base/jdk.internal.reflect.NativeMethodAccessorImpl.invoke(NativeMethodAccessorImpl.java:62)
	at java.base/jdk.internal.reflect.DelegatingMethodAccessorImpl.invoke(DelegatingMethodAccessorImpl.java:43)
	at java.base/java.lang.reflect.Method.invoke(Method.java:567)
	at org.junit.runners.model.FrameworkMethod$1.runReflectiveCall(FrameworkMethod.java:50)
	at org.junit.internal.runners.model.ReflectiveCallable.run(ReflectiveCallable.java:12)
	at org.junit.runners.model.FrameworkMethod.invokeExplosively(FrameworkMethod.java:47)
	at org.junit.internal.runners.statements.InvokeMethod.evaluate(InvokeMethod.java:17)
	at org.junit.internal.runners.statements.RunBefores.evaluate(RunBefores.java:26)
	at org.junit.runners.ParentRunner.runLeaf(ParentRunner.java:325)
	at org.junit.runners.BlockJUnit4ClassRunner.runChild(BlockJUnit4ClassRunner.java:78)
	at org.junit.runners.BlockJUnit4ClassRunner.runChild(BlockJUnit4ClassRunner.java:57)
	at org.junit.runners.ParentRunner$3.run(ParentRunner.java:290)
	at org.junit.runners.ParentRunner$1.schedule(ParentRunner.java:71)
	at org.junit.runners.ParentRunner.runChildren(ParentRunner.java:288)
	at org.junit.runners.ParentRunner.access$000(ParentRunner.java:58)
	at org.junit.runners.ParentRunner$2.evaluate(ParentRunner.java:268)
	at org.junit.runners.ParentRunner.run(ParentRunner.java:363)
	at org.junit.runner.JUnitCore.run(JUnitCore.java:137)
	at com.intellij.junit4.JUnit4IdeaTestRunner.startRunnerWithArgs(JUnit4IdeaTestRunner.java:68)
	at com.intellij.rt.execution.junit.IdeaTestRunner$Repeater.startRunnerWithArgs(IdeaTestRunner.java:47)
	at com.intellij.rt.execution.junit.JUnitStarter.prepareStreamsAndStart(JUnitStarter.java:242)
	at com.intellij.rt.execution.junit.JUnitStarter.main(JUnitStarter.java:70)
2019-07-27 16:03:23 INFO  Director:44 - STOP PROGRAM
2019-07-27 16:03:23 INFO  Director:29 - START PROGRAM
2019-07-27 16:03:23 INFO  Director:44 - STOP PROGRAM
2019-07-27 16:04:24 INFO  Director:29 - START PROGRAM
2019-07-27 16:04:24 ERROR Director:42 - 
com.epam.geometry.exception.file.FileNotReadException
	at com.epam.geometry.director.Director.process(Director.java:34)
	at com.epam.geometry.director.DirectorTest.testProcessShouldReturnEmptyListWhenInvalidPathSupplied(DirectorTest.java:90)
	at java.base/jdk.internal.reflect.NativeMethodAccessorImpl.invoke0(Native Method)
	at java.base/jdk.internal.reflect.NativeMethodAccessorImpl.invoke(NativeMethodAccessorImpl.java:62)
	at java.base/jdk.internal.reflect.DelegatingMethodAccessorImpl.invoke(DelegatingMethodAccessorImpl.java:43)
	at java.base/java.lang.reflect.Method.invoke(Method.java:567)
	at org.junit.runners.model.FrameworkMethod$1.runReflectiveCall(FrameworkMethod.java:50)
	at org.junit.internal.runners.model.ReflectiveCallable.run(ReflectiveCallable.java:12)
	at org.junit.runners.model.FrameworkMethod.invokeExplosively(FrameworkMethod.java:47)
	at org.junit.internal.runners.statements.InvokeMethod.evaluate(InvokeMethod.java:17)
	at org.junit.internal.runners.statements.RunBefores.evaluate(RunBefores.java:26)
	at org.junit.runners.ParentRunner.runLeaf(ParentRunner.java:325)
	at org.junit.runners.BlockJUnit4ClassRunner.runChild(BlockJUnit4ClassRunner.java:78)
	at org.junit.runners.BlockJUnit4ClassRunner.runChild(BlockJUnit4ClassRunner.java:57)
	at org.junit.runners.ParentRunner$3.run(ParentRunner.java:290)
	at org.junit.runners.ParentRunner$1.schedule(ParentRunner.java:71)
	at org.junit.runners.ParentRunner.runChildren(ParentRunner.java:288)
	at org.junit.runners.ParentRunner.access$000(ParentRunner.java:58)
	at org.junit.runners.ParentRunner$2.evaluate(ParentRunner.java:268)
	at org.junit.runners.ParentRunner.run(ParentRunner.java:363)
	at org.junit.runner.JUnitCore.run(JUnitCore.java:137)
	at com.intellij.junit4.JUnit4IdeaTestRunner.startRunnerWithArgs(JUnit4IdeaTestRunner.java:68)
	at com.intellij.rt.execution.junit.IdeaTestRunner$Repeater.startRunnerWithArgs(IdeaTestRunner.java:47)
	at com.intellij.rt.execution.junit.JUnitStarter.prepareStreamsAndStart(JUnitStarter.java:242)
	at com.intellij.rt.execution.junit.JUnitStarter.main(JUnitStarter.java:70)
2019-07-27 16:04:24 INFO  Director:44 - STOP PROGRAM
2019-07-27 16:04:24 INFO  Director:29 - START PROGRAM
2019-07-27 16:04:24 INFO  Director:44 - STOP PROGRAM
2019-07-27 16:04:32 ERROR DataReader:19 - Error, the path to file is null
